<?xml version="1.0" encoding="UTF-8"?>
<!-- Generated by org.testng.reporters.JUnitReportReporter -->
<testsuite skipped="0" hostname="DESKTOP-O0R880F" name="TestCases.TC01_LoginPage" tests="1" failures="0" timestamp="2023-02-14T20:23:17 AST" time="6.924" errors="0">
  <testcase name="TC001_checkLogin" time="6.924" classname="TestCases.TC01_LoginPage"/>
  <system-out/>
</testsuite> <!-- TestCases.TC01_LoginPage -->
