<?xml version="1.0" encoding="UTF-8"?>
<!-- Generated by org.testng.reporters.JUnitReportReporter -->
<testsuite skipped="0" hostname="DESKTOP-O0R880F" name="TestCases.TestBases" tests="1" failures="0" timestamp="2023-02-13T03:34:31 AST" time="7.023" errors="0">
  <testcase name="TC001_checkLogin" time="7.023" classname="TestCases.TestBases"/>
  <system-out/>
</testsuite> <!-- TestCases.TestBases -->
