<?xml version="1.0" encoding="UTF-8"?>
<!-- Generated by org.testng.reporters.JUnitReportReporter -->
<testsuite skipped="0" hostname="DESKTOP-O0R880F" name="TestCases.TC02_AddToCart" tests="1" failures="0" timestamp="2023-02-15T01:28:56 AST" time="11.568" errors="0">
  <testcase name="TC001_checkAdd" time="11.568" classname="TestCases.TC02_AddToCart"/>
  <system-out/>
</testsuite> <!-- TestCases.TC02_AddToCart -->
