<?xml version="1.0" encoding="UTF-8"?>
<!-- Generated by org.testng.reporters.JUnitReportReporter -->
<testsuite skipped="0" hostname="DESKTOP-O0R880F" name="TestCases.TC03_Payment" tests="1" failures="0" timestamp="2023-02-15T01:28:56 AST" time="35.922" errors="0">
  <testcase name="TC002_checkPayment" time="35.922" classname="TestCases.TC03_Payment"/>
  <system-out/>
</testsuite> <!-- TestCases.TC03_Payment -->
